2024-02-15 19:22:19,654 INFO    StreamThr :387804 [internal.py:wandb_internal():86] W&B internal server running at pid: 387804, started at: 2024-02-15 19:22:19.654440
2024-02-15 19:22:19,655 DEBUG   HandlerThread:387804 [handler.py:handle_request():146] handle_request: status
2024-02-15 19:22:19,667 INFO    WriterThread:387804 [datastore.py:open_for_write():87] open: /home/akshar/Projects/Fraud_Classification/research/wandb/run-20240215_192219-79jlgq6q/run-79jlgq6q.wandb
2024-02-15 19:22:19,667 DEBUG   SenderThread:387804 [sender.py:send():382] send: header
2024-02-15 19:22:19,669 DEBUG   SenderThread:387804 [sender.py:send():382] send: run
2024-02-15 19:22:24,674 DEBUG   HandlerThread:387804 [handler.py:handle_request():146] handle_request: keepalive
2024-02-15 19:22:25,562 ERROR   SenderThread:387804 [internal_api.py:execute():373] 403 response executing GraphQL.
2024-02-15 19:22:25,563 ERROR   SenderThread:387804 [internal_api.py:execute():374] {"errors":[{"message":"permission denied","path":["upsertBucket"],"extensions":{"code":"PERMISSION_ERROR"}}],"data":{"upsertBucket":null}}
2024-02-15 19:22:25,563 ERROR   SenderThread:387804 [sender.py:send_run():987] It appears that you do not have permission to access the requested resource. Please reach out to the project owner to grant you access. If you have the correct permissions, verify that there are no issues with your networking setup.(Error 403: Forbidden)
Traceback (most recent call last):
  File "/home/akshar/miniconda3/envs/pytorch/lib/python3.10/site-packages/wandb/sdk/lib/retry.py", line 131, in __call__
    result = self._call_fn(*args, **kwargs)
  File "/home/akshar/miniconda3/envs/pytorch/lib/python3.10/site-packages/wandb/sdk/internal/internal_api.py", line 369, in execute
    return self.client.execute(*args, **kwargs)  # type: ignore
  File "/home/akshar/miniconda3/envs/pytorch/lib/python3.10/site-packages/wandb/vendor/gql-0.2.0/wandb_gql/client.py", line 52, in execute
    result = self._get_result(document, *args, **kwargs)
  File "/home/akshar/miniconda3/envs/pytorch/lib/python3.10/site-packages/wandb/vendor/gql-0.2.0/wandb_gql/client.py", line 60, in _get_result
    return self.transport.execute(document, *args, **kwargs)
  File "/home/akshar/miniconda3/envs/pytorch/lib/python3.10/site-packages/wandb/sdk/lib/gql_request.py", line 59, in execute
    request.raise_for_status()
  File "/home/akshar/miniconda3/envs/pytorch/lib/python3.10/site-packages/requests/models.py", line 1021, in raise_for_status
    raise HTTPError(http_error_msg, response=self)
requests.exceptions.HTTPError: 403 Client Error: Forbidden for url: https://api.wandb.ai/graphql

During handling of the above exception, another exception occurred:

Traceback (most recent call last):
  File "/home/akshar/miniconda3/envs/pytorch/lib/python3.10/site-packages/wandb/sdk/internal/sender.py", line 985, in send_run
    self._init_run(run, config_value_dict)
  File "/home/akshar/miniconda3/envs/pytorch/lib/python3.10/site-packages/wandb/sdk/internal/sender.py", line 1027, in _init_run
    server_run, inserted, server_messages = self._api.upsert_run(
  File "/home/akshar/miniconda3/envs/pytorch/lib/python3.10/site-packages/wandb/apis/normalize.py", line 73, in wrapper
    raise err
  File "/home/akshar/miniconda3/envs/pytorch/lib/python3.10/site-packages/wandb/apis/normalize.py", line 41, in wrapper
    return func(*args, **kwargs)
  File "/home/akshar/miniconda3/envs/pytorch/lib/python3.10/site-packages/wandb/sdk/internal/internal_api.py", line 2216, in upsert_run
    response = self.gql(
  File "/home/akshar/miniconda3/envs/pytorch/lib/python3.10/site-packages/wandb/sdk/internal/internal_api.py", line 341, in gql
    ret = self._retry_gql(
  File "/home/akshar/miniconda3/envs/pytorch/lib/python3.10/site-packages/wandb/sdk/lib/retry.py", line 147, in __call__
    retry_timedelta_triggered = check_retry_fn(e)
  File "/home/akshar/miniconda3/envs/pytorch/lib/python3.10/site-packages/wandb/util.py", line 965, in check_retry_fn
    return fallback_retry_fn(e)
  File "/home/akshar/miniconda3/envs/pytorch/lib/python3.10/site-packages/wandb/util.py", line 907, in no_retry_auth
    raise CommError(
wandb.errors.CommError: It appears that you do not have permission to access the requested resource. Please reach out to the project owner to grant you access. If you have the correct permissions, verify that there are no issues with your networking setup.(Error 403: Forbidden)
2024-02-15 19:22:25,565 DEBUG   HandlerThread:387804 [handler.py:handle_request():146] handle_request: status_report
2024-02-15 19:22:30,566 DEBUG   HandlerThread:387804 [handler.py:handle_request():146] handle_request: status_report
2024-02-15 19:22:35,567 DEBUG   HandlerThread:387804 [handler.py:handle_request():146] handle_request: status_report
2024-02-15 19:22:40,569 DEBUG   HandlerThread:387804 [handler.py:handle_request():146] handle_request: status_report
2024-02-15 19:22:45,570 DEBUG   HandlerThread:387804 [handler.py:handle_request():146] handle_request: status_report
2024-02-15 19:22:50,571 DEBUG   HandlerThread:387804 [handler.py:handle_request():146] handle_request: status_report
2024-02-15 19:22:55,572 DEBUG   HandlerThread:387804 [handler.py:handle_request():146] handle_request: status_report
2024-02-15 19:23:00,572 DEBUG   HandlerThread:387804 [handler.py:handle_request():146] handle_request: status_report
2024-02-15 19:23:05,574 DEBUG   HandlerThread:387804 [handler.py:handle_request():146] handle_request: status_report
2024-02-15 19:23:10,575 DEBUG   HandlerThread:387804 [handler.py:handle_request():146] handle_request: status_report
2024-02-15 19:23:15,576 DEBUG   HandlerThread:387804 [handler.py:handle_request():146] handle_request: status_report
2024-02-15 19:23:20,577 DEBUG   HandlerThread:387804 [handler.py:handle_request():146] handle_request: status_report
2024-02-15 19:23:25,577 DEBUG   HandlerThread:387804 [handler.py:handle_request():146] handle_request: status_report
2024-02-15 19:23:30,578 DEBUG   HandlerThread:387804 [handler.py:handle_request():146] handle_request: status_report
2024-02-15 19:23:35,579 DEBUG   HandlerThread:387804 [handler.py:handle_request():146] handle_request: status_report
2024-02-15 19:23:40,581 DEBUG   HandlerThread:387804 [handler.py:handle_request():146] handle_request: status_report
2024-02-15 19:23:45,583 DEBUG   HandlerThread:387804 [handler.py:handle_request():146] handle_request: status_report
2024-02-15 19:23:50,583 DEBUG   HandlerThread:387804 [handler.py:handle_request():146] handle_request: status_report
2024-02-15 19:23:55,573 INFO    StreamThr :387804 [internal.py:wandb_internal():86] W&B internal server running at pid: 387804, started at: 2024-02-15 19:23:55.572872
2024-02-15 19:23:55,574 DEBUG   HandlerThread:387804 [handler.py:handle_request():146] handle_request: status
2024-02-15 19:23:55,581 INFO    WriterThread:387804 [datastore.py:open_for_write():87] open: /home/akshar/Projects/Fraud_Classification/research/wandb/run-20240215_192355-xasrjdfc/run-xasrjdfc.wandb
2024-02-15 19:23:55,582 DEBUG   SenderThread:387804 [sender.py:send():382] send: header
2024-02-15 19:23:55,582 DEBUG   SenderThread:387804 [sender.py:send():382] send: run
2024-02-15 19:23:55,585 DEBUG   HandlerThread:387804 [handler.py:handle_request():146] handle_request: status_report
2024-02-15 19:24:00,585 DEBUG   HandlerThread:387804 [handler.py:handle_request():146] handle_request: status_report
2024-02-15 19:24:00,586 DEBUG   HandlerThread:387804 [handler.py:handle_request():146] handle_request: keepalive
2024-02-15 19:24:05,290 INFO    SenderThread:387804 [dir_watcher.py:__init__():211] watching files in: /home/akshar/Projects/Fraud_Classification/research/wandb/run-20240215_192355-xasrjdfc/files
2024-02-15 19:24:05,290 INFO    SenderThread:387804 [sender.py:_start_run_threads():1136] run started: xasrjdfc with start time 1708005235.572468
2024-02-15 19:24:05,291 DEBUG   HandlerThread:387804 [handler.py:handle_request():146] handle_request: status_report
2024-02-15 19:24:05,586 DEBUG   HandlerThread:387804 [handler.py:handle_request():146] handle_request: status_report
2024-02-15 19:24:05,589 DEBUG   HandlerThread:387804 [handler.py:handle_request():146] handle_request: keepalive
2024-02-15 19:24:10,291 DEBUG   HandlerThread:387804 [handler.py:handle_request():146] handle_request: status_report
2024-02-15 19:24:10,586 DEBUG   HandlerThread:387804 [handler.py:handle_request():146] handle_request: status_report
2024-02-15 19:24:10,592 DEBUG   HandlerThread:387804 [handler.py:handle_request():146] handle_request: keepalive
2024-02-15 19:24:15,292 DEBUG   HandlerThread:387804 [handler.py:handle_request():146] handle_request: status_report
2024-02-15 19:24:15,587 DEBUG   HandlerThread:387804 [handler.py:handle_request():146] handle_request: status_report
2024-02-15 19:24:15,594 DEBUG   HandlerThread:387804 [handler.py:handle_request():146] handle_request: keepalive
2024-02-15 19:24:20,292 DEBUG   HandlerThread:387804 [handler.py:handle_request():146] handle_request: status_report
2024-02-15 19:24:20,588 DEBUG   HandlerThread:387804 [handler.py:handle_request():146] handle_request: status_report
2024-02-15 19:24:20,597 DEBUG   HandlerThread:387804 [handler.py:handle_request():146] handle_request: keepalive
2024-02-15 19:24:25,293 DEBUG   HandlerThread:387804 [handler.py:handle_request():146] handle_request: status_report
2024-02-15 19:24:25,589 DEBUG   HandlerThread:387804 [handler.py:handle_request():146] handle_request: status_report
2024-02-15 19:24:25,600 DEBUG   HandlerThread:387804 [handler.py:handle_request():146] handle_request: keepalive
2024-02-15 19:24:30,293 DEBUG   HandlerThread:387804 [handler.py:handle_request():146] handle_request: status_report
2024-02-15 19:24:30,589 DEBUG   HandlerThread:387804 [handler.py:handle_request():146] handle_request: status_report
2024-02-15 19:24:30,603 DEBUG   HandlerThread:387804 [handler.py:handle_request():146] handle_request: keepalive
2024-02-15 19:24:35,294 DEBUG   HandlerThread:387804 [handler.py:handle_request():146] handle_request: status_report
2024-02-15 19:24:35,590 DEBUG   HandlerThread:387804 [handler.py:handle_request():146] handle_request: status_report
2024-02-15 19:24:35,605 DEBUG   HandlerThread:387804 [handler.py:handle_request():146] handle_request: keepalive
2024-02-15 19:24:40,294 DEBUG   HandlerThread:387804 [handler.py:handle_request():146] handle_request: status_report
2024-02-15 19:24:40,591 DEBUG   HandlerThread:387804 [handler.py:handle_request():146] handle_request: status_report
2024-02-15 19:24:40,609 DEBUG   HandlerThread:387804 [handler.py:handle_request():146] handle_request: keepalive
2024-02-15 19:24:45,295 DEBUG   HandlerThread:387804 [handler.py:handle_request():146] handle_request: status_report
2024-02-15 19:24:45,591 DEBUG   HandlerThread:387804 [handler.py:handle_request():146] handle_request: status_report
2024-02-15 19:24:45,612 DEBUG   HandlerThread:387804 [handler.py:handle_request():146] handle_request: keepalive
2024-02-15 19:24:50,295 DEBUG   HandlerThread:387804 [handler.py:handle_request():146] handle_request: status_report
2024-02-15 19:24:50,592 DEBUG   HandlerThread:387804 [handler.py:handle_request():146] handle_request: status_report
2024-02-15 19:24:50,616 DEBUG   HandlerThread:387804 [handler.py:handle_request():146] handle_request: keepalive
2024-02-15 19:24:55,297 DEBUG   HandlerThread:387804 [handler.py:handle_request():146] handle_request: status_report
2024-02-15 19:24:55,593 DEBUG   HandlerThread:387804 [handler.py:handle_request():146] handle_request: status_report
2024-02-15 19:24:55,618 DEBUG   HandlerThread:387804 [handler.py:handle_request():146] handle_request: keepalive
2024-02-15 19:25:00,297 DEBUG   HandlerThread:387804 [handler.py:handle_request():146] handle_request: status_report
2024-02-15 19:25:00,593 DEBUG   HandlerThread:387804 [handler.py:handle_request():146] handle_request: status_report
2024-02-15 19:25:00,621 DEBUG   HandlerThread:387804 [handler.py:handle_request():146] handle_request: keepalive
2024-02-15 19:25:05,298 DEBUG   HandlerThread:387804 [handler.py:handle_request():146] handle_request: status_report
2024-02-15 19:25:05,594 DEBUG   HandlerThread:387804 [handler.py:handle_request():146] handle_request: status_report
2024-02-15 19:25:05,625 DEBUG   HandlerThread:387804 [handler.py:handle_request():146] handle_request: keepalive
2024-02-15 19:25:10,299 DEBUG   HandlerThread:387804 [handler.py:handle_request():146] handle_request: status_report
2024-02-15 19:25:10,594 DEBUG   HandlerThread:387804 [handler.py:handle_request():146] handle_request: status_report
2024-02-15 19:25:10,628 DEBUG   HandlerThread:387804 [handler.py:handle_request():146] handle_request: keepalive
2024-02-15 19:25:15,300 DEBUG   HandlerThread:387804 [handler.py:handle_request():146] handle_request: status_report
2024-02-15 19:25:15,595 DEBUG   HandlerThread:387804 [handler.py:handle_request():146] handle_request: status_report
2024-02-15 19:25:15,630 DEBUG   HandlerThread:387804 [handler.py:handle_request():146] handle_request: keepalive
2024-02-15 19:25:20,300 DEBUG   HandlerThread:387804 [handler.py:handle_request():146] handle_request: status_report
2024-02-15 19:25:20,597 DEBUG   HandlerThread:387804 [handler.py:handle_request():146] handle_request: status_report
2024-02-15 19:25:20,634 DEBUG   HandlerThread:387804 [handler.py:handle_request():146] handle_request: keepalive
2024-02-15 19:25:25,301 DEBUG   HandlerThread:387804 [handler.py:handle_request():146] handle_request: status_report
2024-02-15 19:25:25,597 DEBUG   HandlerThread:387804 [handler.py:handle_request():146] handle_request: status_report
2024-02-15 19:25:25,636 DEBUG   HandlerThread:387804 [handler.py:handle_request():146] handle_request: cancel
2024-02-15 19:25:25,636 DEBUG   HandlerThread:387804 [handler.py:handle_request():146] handle_request: cancel
2024-02-15 19:25:30,303 DEBUG   HandlerThread:387804 [handler.py:handle_request():146] handle_request: status_report
2024-02-15 19:25:30,598 DEBUG   HandlerThread:387804 [handler.py:handle_request():146] handle_request: status_report
2024-02-15 19:25:35,304 DEBUG   HandlerThread:387804 [handler.py:handle_request():146] handle_request: status_report
2024-02-15 19:25:35,600 DEBUG   HandlerThread:387804 [handler.py:handle_request():146] handle_request: status_report
2024-02-15 19:25:40,305 DEBUG   HandlerThread:387804 [handler.py:handle_request():146] handle_request: status_report
2024-02-15 19:25:40,601 DEBUG   HandlerThread:387804 [handler.py:handle_request():146] handle_request: status_report
2024-02-15 19:25:45,306 DEBUG   HandlerThread:387804 [handler.py:handle_request():146] handle_request: status_report
2024-02-15 19:25:45,601 DEBUG   HandlerThread:387804 [handler.py:handle_request():146] handle_request: status_report
2024-02-15 19:25:50,306 DEBUG   HandlerThread:387804 [handler.py:handle_request():146] handle_request: status_report
2024-02-15 19:25:50,603 DEBUG   HandlerThread:387804 [handler.py:handle_request():146] handle_request: status_report
2024-02-15 19:25:55,307 DEBUG   HandlerThread:387804 [handler.py:handle_request():146] handle_request: status_report
2024-02-15 19:25:55,605 DEBUG   HandlerThread:387804 [handler.py:handle_request():146] handle_request: status_report
2024-02-15 19:26:00,309 DEBUG   HandlerThread:387804 [handler.py:handle_request():146] handle_request: status_report
2024-02-15 19:26:00,607 DEBUG   HandlerThread:387804 [handler.py:handle_request():146] handle_request: status_report
2024-02-15 19:26:05,310 DEBUG   HandlerThread:387804 [handler.py:handle_request():146] handle_request: status_report
2024-02-15 19:26:05,608 DEBUG   HandlerThread:387804 [handler.py:handle_request():146] handle_request: status_report
2024-02-15 19:26:10,313 DEBUG   HandlerThread:387804 [handler.py:handle_request():146] handle_request: status_report
2024-02-15 19:26:10,609 DEBUG   HandlerThread:387804 [handler.py:handle_request():146] handle_request: status_report
2024-02-15 19:26:15,314 DEBUG   HandlerThread:387804 [handler.py:handle_request():146] handle_request: status_report
2024-02-15 19:26:15,611 DEBUG   HandlerThread:387804 [handler.py:handle_request():146] handle_request: status_report
2024-02-15 19:26:20,316 DEBUG   HandlerThread:387804 [handler.py:handle_request():146] handle_request: status_report
2024-02-15 19:26:20,613 DEBUG   HandlerThread:387804 [handler.py:handle_request():146] handle_request: status_report
2024-02-15 19:26:25,317 DEBUG   HandlerThread:387804 [handler.py:handle_request():146] handle_request: status_report
2024-02-15 19:26:25,615 DEBUG   HandlerThread:387804 [handler.py:handle_request():146] handle_request: status_report
2024-02-15 19:26:30,318 DEBUG   HandlerThread:387804 [handler.py:handle_request():146] handle_request: status_report
2024-02-15 19:26:30,616 DEBUG   HandlerThread:387804 [handler.py:handle_request():146] handle_request: status_report
2024-02-15 19:26:35,319 DEBUG   HandlerThread:387804 [handler.py:handle_request():146] handle_request: status_report
2024-02-15 19:26:35,616 DEBUG   HandlerThread:387804 [handler.py:handle_request():146] handle_request: status_report
2024-02-15 19:26:40,320 DEBUG   HandlerThread:387804 [handler.py:handle_request():146] handle_request: status_report
2024-02-15 19:26:40,617 DEBUG   HandlerThread:387804 [handler.py:handle_request():146] handle_request: status_report
2024-02-15 19:26:45,321 DEBUG   HandlerThread:387804 [handler.py:handle_request():146] handle_request: status_report
2024-02-15 19:26:45,618 DEBUG   HandlerThread:387804 [handler.py:handle_request():146] handle_request: status_report
2024-02-15 19:26:50,322 DEBUG   HandlerThread:387804 [handler.py:handle_request():146] handle_request: status_report
2024-02-15 19:26:50,618 DEBUG   HandlerThread:387804 [handler.py:handle_request():146] handle_request: status_report
2024-02-15 19:26:55,322 DEBUG   HandlerThread:387804 [handler.py:handle_request():146] handle_request: status_report
2024-02-15 19:26:55,619 DEBUG   HandlerThread:387804 [handler.py:handle_request():146] handle_request: status_report
2024-02-15 19:27:00,324 DEBUG   HandlerThread:387804 [handler.py:handle_request():146] handle_request: status_report
2024-02-15 19:27:00,620 DEBUG   HandlerThread:387804 [handler.py:handle_request():146] handle_request: status_report
2024-02-15 19:27:05,325 DEBUG   HandlerThread:387804 [handler.py:handle_request():146] handle_request: status_report
2024-02-15 19:27:05,621 DEBUG   HandlerThread:387804 [handler.py:handle_request():146] handle_request: status_report
2024-02-15 19:27:10,326 DEBUG   HandlerThread:387804 [handler.py:handle_request():146] handle_request: status_report
2024-02-15 19:27:10,623 DEBUG   HandlerThread:387804 [handler.py:handle_request():146] handle_request: status_report
2024-02-15 19:27:15,328 DEBUG   HandlerThread:387804 [handler.py:handle_request():146] handle_request: status_report
2024-02-15 19:27:15,624 DEBUG   HandlerThread:387804 [handler.py:handle_request():146] handle_request: status_report
2024-02-15 19:27:20,330 DEBUG   HandlerThread:387804 [handler.py:handle_request():146] handle_request: status_report
2024-02-15 19:27:20,625 DEBUG   HandlerThread:387804 [handler.py:handle_request():146] handle_request: status_report
2024-02-15 19:27:25,331 DEBUG   HandlerThread:387804 [handler.py:handle_request():146] handle_request: status_report
2024-02-15 19:27:25,626 DEBUG   HandlerThread:387804 [handler.py:handle_request():146] handle_request: status_report
2024-02-15 19:27:30,332 DEBUG   HandlerThread:387804 [handler.py:handle_request():146] handle_request: status_report
2024-02-15 19:27:30,628 DEBUG   HandlerThread:387804 [handler.py:handle_request():146] handle_request: status_report
2024-02-15 19:27:35,332 DEBUG   HandlerThread:387804 [handler.py:handle_request():146] handle_request: status_report
2024-02-15 19:27:35,630 DEBUG   HandlerThread:387804 [handler.py:handle_request():146] handle_request: status_report
2024-02-15 19:27:40,333 DEBUG   HandlerThread:387804 [handler.py:handle_request():146] handle_request: status_report
2024-02-15 19:27:40,631 DEBUG   HandlerThread:387804 [handler.py:handle_request():146] handle_request: status_report
2024-02-15 19:27:45,334 DEBUG   HandlerThread:387804 [handler.py:handle_request():146] handle_request: status_report
2024-02-15 19:27:45,632 DEBUG   HandlerThread:387804 [handler.py:handle_request():146] handle_request: status_report
2024-02-15 19:27:50,335 DEBUG   HandlerThread:387804 [handler.py:handle_request():146] handle_request: status_report
2024-02-15 19:27:50,633 DEBUG   HandlerThread:387804 [handler.py:handle_request():146] handle_request: status_report
2024-02-15 19:27:55,335 DEBUG   HandlerThread:387804 [handler.py:handle_request():146] handle_request: status_report
2024-02-15 19:27:55,634 DEBUG   HandlerThread:387804 [handler.py:handle_request():146] handle_request: status_report
2024-02-15 19:28:00,337 DEBUG   HandlerThread:387804 [handler.py:handle_request():146] handle_request: status_report
2024-02-15 19:28:00,634 DEBUG   HandlerThread:387804 [handler.py:handle_request():146] handle_request: status_report
2024-02-15 19:28:05,338 DEBUG   HandlerThread:387804 [handler.py:handle_request():146] handle_request: status_report
2024-02-15 19:28:05,635 DEBUG   HandlerThread:387804 [handler.py:handle_request():146] handle_request: status_report
2024-02-15 19:28:10,339 DEBUG   HandlerThread:387804 [handler.py:handle_request():146] handle_request: status_report
2024-02-15 19:28:10,635 DEBUG   HandlerThread:387804 [handler.py:handle_request():146] handle_request: status_report
2024-02-15 19:28:15,340 DEBUG   HandlerThread:387804 [handler.py:handle_request():146] handle_request: status_report
2024-02-15 19:28:15,637 DEBUG   HandlerThread:387804 [handler.py:handle_request():146] handle_request: status_report
2024-02-15 19:28:20,341 DEBUG   HandlerThread:387804 [handler.py:handle_request():146] handle_request: status_report
2024-02-15 19:28:20,638 DEBUG   HandlerThread:387804 [handler.py:handle_request():146] handle_request: status_report
2024-02-15 19:28:25,342 DEBUG   HandlerThread:387804 [handler.py:handle_request():146] handle_request: status_report
2024-02-15 19:28:25,639 DEBUG   HandlerThread:387804 [handler.py:handle_request():146] handle_request: status_report
2024-02-15 19:28:30,344 DEBUG   HandlerThread:387804 [handler.py:handle_request():146] handle_request: status_report
2024-02-15 19:28:30,639 DEBUG   HandlerThread:387804 [handler.py:handle_request():146] handle_request: status_report
2024-02-15 19:28:35,345 DEBUG   HandlerThread:387804 [handler.py:handle_request():146] handle_request: status_report
2024-02-15 19:28:35,640 DEBUG   HandlerThread:387804 [handler.py:handle_request():146] handle_request: status_report
2024-02-15 19:28:40,346 DEBUG   HandlerThread:387804 [handler.py:handle_request():146] handle_request: status_report
2024-02-15 19:28:40,641 DEBUG   HandlerThread:387804 [handler.py:handle_request():146] handle_request: status_report
2024-02-15 19:28:45,347 DEBUG   HandlerThread:387804 [handler.py:handle_request():146] handle_request: status_report
2024-02-15 19:28:45,642 DEBUG   HandlerThread:387804 [handler.py:handle_request():146] handle_request: status_report
2024-02-15 19:28:50,348 DEBUG   HandlerThread:387804 [handler.py:handle_request():146] handle_request: status_report
2024-02-15 19:28:50,642 DEBUG   HandlerThread:387804 [handler.py:handle_request():146] handle_request: status_report
2024-02-15 19:28:55,350 DEBUG   HandlerThread:387804 [handler.py:handle_request():146] handle_request: status_report
2024-02-15 19:28:55,643 DEBUG   HandlerThread:387804 [handler.py:handle_request():146] handle_request: status_report
2024-02-15 19:29:00,350 DEBUG   HandlerThread:387804 [handler.py:handle_request():146] handle_request: status_report
2024-02-15 19:29:00,645 DEBUG   HandlerThread:387804 [handler.py:handle_request():146] handle_request: status_report
2024-02-15 19:29:05,351 DEBUG   HandlerThread:387804 [handler.py:handle_request():146] handle_request: status_report
2024-02-15 19:29:05,646 DEBUG   HandlerThread:387804 [handler.py:handle_request():146] handle_request: status_report
2024-02-15 19:29:10,353 DEBUG   HandlerThread:387804 [handler.py:handle_request():146] handle_request: status_report
2024-02-15 19:29:10,648 DEBUG   HandlerThread:387804 [handler.py:handle_request():146] handle_request: status_report
2024-02-15 19:29:15,354 DEBUG   HandlerThread:387804 [handler.py:handle_request():146] handle_request: status_report
2024-02-15 19:29:15,649 DEBUG   HandlerThread:387804 [handler.py:handle_request():146] handle_request: status_report
2024-02-15 19:29:20,356 DEBUG   HandlerThread:387804 [handler.py:handle_request():146] handle_request: status_report
2024-02-15 19:29:20,650 DEBUG   HandlerThread:387804 [handler.py:handle_request():146] handle_request: status_report
2024-02-15 19:29:25,357 DEBUG   HandlerThread:387804 [handler.py:handle_request():146] handle_request: status_report
2024-02-15 19:29:25,652 DEBUG   HandlerThread:387804 [handler.py:handle_request():146] handle_request: status_report
2024-02-15 19:29:30,358 DEBUG   HandlerThread:387804 [handler.py:handle_request():146] handle_request: status_report
2024-02-15 19:29:30,653 DEBUG   HandlerThread:387804 [handler.py:handle_request():146] handle_request: status_report
2024-02-15 19:29:35,359 DEBUG   HandlerThread:387804 [handler.py:handle_request():146] handle_request: status_report
2024-02-15 19:29:35,654 DEBUG   HandlerThread:387804 [handler.py:handle_request():146] handle_request: status_report
2024-02-15 19:29:40,361 DEBUG   HandlerThread:387804 [handler.py:handle_request():146] handle_request: status_report
2024-02-15 19:29:40,656 DEBUG   HandlerThread:387804 [handler.py:handle_request():146] handle_request: status_report
2024-02-15 19:29:45,363 DEBUG   HandlerThread:387804 [handler.py:handle_request():146] handle_request: status_report
2024-02-15 19:29:45,658 DEBUG   HandlerThread:387804 [handler.py:handle_request():146] handle_request: status_report
2024-02-15 19:29:50,363 DEBUG   HandlerThread:387804 [handler.py:handle_request():146] handle_request: status_report
2024-02-15 19:29:50,658 DEBUG   HandlerThread:387804 [handler.py:handle_request():146] handle_request: status_report
2024-02-15 19:29:55,365 DEBUG   HandlerThread:387804 [handler.py:handle_request():146] handle_request: status_report
2024-02-15 19:29:55,660 DEBUG   HandlerThread:387804 [handler.py:handle_request():146] handle_request: status_report
2024-02-15 19:30:00,366 DEBUG   HandlerThread:387804 [handler.py:handle_request():146] handle_request: status_report
2024-02-15 19:30:00,662 DEBUG   HandlerThread:387804 [handler.py:handle_request():146] handle_request: status_report
2024-02-15 19:30:05,368 DEBUG   HandlerThread:387804 [handler.py:handle_request():146] handle_request: status_report
2024-02-15 19:30:05,663 DEBUG   HandlerThread:387804 [handler.py:handle_request():146] handle_request: status_report
2024-02-15 19:30:10,369 DEBUG   HandlerThread:387804 [handler.py:handle_request():146] handle_request: status_report
2024-02-15 19:30:10,664 DEBUG   HandlerThread:387804 [handler.py:handle_request():146] handle_request: status_report
2024-02-15 19:30:15,370 DEBUG   HandlerThread:387804 [handler.py:handle_request():146] handle_request: status_report
2024-02-15 19:30:15,666 DEBUG   HandlerThread:387804 [handler.py:handle_request():146] handle_request: status_report
2024-02-15 19:30:20,371 DEBUG   HandlerThread:387804 [handler.py:handle_request():146] handle_request: status_report
2024-02-15 19:30:20,668 DEBUG   HandlerThread:387804 [handler.py:handle_request():146] handle_request: status_report
2024-02-15 19:30:25,372 DEBUG   HandlerThread:387804 [handler.py:handle_request():146] handle_request: status_report
2024-02-15 19:30:25,669 DEBUG   HandlerThread:387804 [handler.py:handle_request():146] handle_request: status_report
2024-02-15 19:30:30,373 DEBUG   HandlerThread:387804 [handler.py:handle_request():146] handle_request: status_report
2024-02-15 19:30:30,670 DEBUG   HandlerThread:387804 [handler.py:handle_request():146] handle_request: status_report
2024-02-15 19:30:35,374 DEBUG   HandlerThread:387804 [handler.py:handle_request():146] handle_request: status_report
2024-02-15 19:30:35,670 DEBUG   HandlerThread:387804 [handler.py:handle_request():146] handle_request: status_report
2024-02-15 19:30:40,375 DEBUG   HandlerThread:387804 [handler.py:handle_request():146] handle_request: status_report
2024-02-15 19:30:40,671 DEBUG   HandlerThread:387804 [handler.py:handle_request():146] handle_request: status_report
